22:17:11  INFO      __main__  Using browser-based fetcher (Playwright)
22:17:11  INFO      __main__  === PHASE 1: SEED ===
22:17:11  INFO      __main__  Fetching listing: https://basketball.realgm.com/ncaa/stats/2025/Averages/All/All/Season/All/desc/1
22:17:11  INFO      fetcher_browser  Initializing browser...
22:17:12  INFO      fetcher_browser  Browser initialized successfully
22:17:13  INFO      parsers.listing  Season 2025 columns: ['#', 'Player', 'Team', 'GP', 'MPG', 'PPG', 'FGM', 'FGA', 'FG%', '3PM', '3PA', '3P%', 'FTM', 'FTA', 'FT%', 'ORB', 'DRB', 'RPG', 'APG', 'SPG', 'BPG', 'TOV', 'PF']
22:17:13  INFO      parsers.listing  Season 2025: parsed 5300 players
22:17:13  INFO      __main__  Season 2025: 5300 players (total unique so far: 5300)
22:17:13  INFO      __main__  Fetching listing: https://basketball.realgm.com/ncaa/stats/2026/Averages/All/All/Season/All/desc/1
22:17:13  INFO      __main__    Season 2026 uses JS pagination, fetching all pages...
22:17:13  INFO      fetcher_browser  Fetching paginated listing: https://basketball.realgm.com/ncaa/stats/2026/Averages/All/All/Season/All/desc/1 (up to 60 pages)
22:17:17  INFO      fetcher_browser  Loading page 1...
22:17:20  INFO      fetcher_browser    Page 1: captured
22:17:20  INFO      fetcher_browser  Found 52 total pages
22:17:22  INFO      fetcher_browser    Clicking page 2...
22:17:23  INFO      fetcher_browser    Page 2: captured
22:17:25  INFO      fetcher_browser    Clicking page 3...
22:17:25  INFO      fetcher_browser    Page 3: captured
22:17:27  INFO      fetcher_browser    Clicking page 4...
22:17:28  INFO      fetcher_browser    Page 4: captured
22:17:30  INFO      fetcher_browser    Clicking page 5...
22:17:31  INFO      fetcher_browser    Page 5: captured
22:17:34  INFO      fetcher_browser    Clicking page 6...
22:17:35  INFO      fetcher_browser    Page 6: captured
22:17:37  INFO      fetcher_browser    Clicking page 7...
22:17:38  INFO      fetcher_browser    Page 7: captured
22:17:39  INFO      fetcher_browser    Clicking page 8...
22:17:40  INFO      fetcher_browser    Page 8: captured
22:17:43  INFO      fetcher_browser    Clicking page 9...
22:17:44  INFO      fetcher_browser    Page 9: captured
22:17:46  INFO      fetcher_browser    Clicking page 10...
22:17:47  INFO      fetcher_browser    Page 10: captured
22:17:50  INFO      fetcher_browser    Clicking page 11...
22:17:50  INFO      fetcher_browser    Page 11: captured
22:17:52  INFO      fetcher_browser    Clicking page 12...
22:17:53  INFO      fetcher_browser    Page 12: captured
22:17:54  INFO      fetcher_browser    Clicking page 13...
22:17:55  INFO      fetcher_browser    Page 13: captured
22:17:58  INFO      fetcher_browser    Clicking page 14...
22:17:58  INFO      fetcher_browser    Page 14: captured
22:18:01  INFO      fetcher_browser    Clicking page 15...
22:18:02  INFO      fetcher_browser    Page 15: captured
22:18:05  INFO      fetcher_browser    Clicking page 16...
22:18:05  INFO      fetcher_browser    Page 16: captured
22:18:07  INFO      fetcher_browser    Clicking page 17...
22:18:08  INFO      fetcher_browser    Page 17: captured
22:18:10  INFO      fetcher_browser    Clicking page 18...
22:18:11  INFO      fetcher_browser    Page 18: captured
22:18:13  INFO      fetcher_browser    Clicking page 19...
22:18:14  INFO      fetcher_browser    Page 19: captured
22:18:16  INFO      fetcher_browser    Clicking page 20...
22:18:17  INFO      fetcher_browser    Page 20: captured
22:18:19  INFO      fetcher_browser    Clicking page 21...
22:18:20  INFO      fetcher_browser    Page 21: captured
22:18:23  INFO      fetcher_browser    Clicking page 22...
22:18:23  INFO      fetcher_browser    Page 22: captured
22:18:25  INFO      fetcher_browser    Clicking page 23...
22:18:26  INFO      fetcher_browser    Page 23: captured
22:18:28  INFO      fetcher_browser    Clicking page 24...
22:18:29  INFO      fetcher_browser    Page 24: captured
22:18:30  INFO      fetcher_browser    Clicking page 25...
22:18:31  INFO      fetcher_browser    Page 25: captured
22:18:33  INFO      fetcher_browser    Clicking page 26...
22:18:34  INFO      fetcher_browser    Page 26: captured
22:18:36  INFO      fetcher_browser    Clicking page 27...
22:18:37  INFO      fetcher_browser    Page 27: captured
22:18:38  INFO      fetcher_browser    Clicking page 28...
22:18:39  INFO      fetcher_browser    Page 28: captured
22:18:41  INFO      fetcher_browser    Clicking page 29...
22:18:42  INFO      fetcher_browser    Page 29: captured
22:18:45  INFO      fetcher_browser    Clicking page 30...
22:18:45  INFO      fetcher_browser    Page 30: captured
22:18:47  INFO      fetcher_browser    Clicking page 31...
22:18:48  INFO      fetcher_browser    Page 31: captured
22:18:50  INFO      fetcher_browser    Clicking page 32...
22:18:51  INFO      fetcher_browser    Page 32: captured
22:18:54  INFO      fetcher_browser    Clicking page 33...
22:18:55  INFO      fetcher_browser    Page 33: captured
22:18:56  INFO      fetcher_browser    Clicking page 34...
22:18:57  INFO      fetcher_browser    Page 34: captured
22:18:59  INFO      fetcher_browser    Clicking page 35...
22:19:00  INFO      fetcher_browser    Page 35: captured
22:19:02  INFO      fetcher_browser    Clicking page 36...
22:19:03  INFO      fetcher_browser    Page 36: captured
22:19:05  INFO      fetcher_browser    Clicking page 37...
22:19:06  INFO      fetcher_browser    Page 37: captured
22:19:09  INFO      fetcher_browser    Clicking page 38...
22:19:10  INFO      fetcher_browser    Page 38: captured
22:19:11  INFO      fetcher_browser    Clicking page 39...
22:19:12  INFO      fetcher_browser    Page 39: captured
22:19:14  INFO      fetcher_browser    Clicking page 40...
22:19:15  INFO      fetcher_browser    Page 40: captured
22:19:16  INFO      fetcher_browser    Clicking page 41...
22:19:17  INFO      fetcher_browser    Page 41: captured
22:19:20  INFO      fetcher_browser    Clicking page 42...
22:19:21  INFO      fetcher_browser    Page 42: captured
22:19:23  INFO      fetcher_browser    Clicking page 43...
22:19:24  INFO      fetcher_browser    Page 43: captured
22:19:26  INFO      fetcher_browser    Clicking page 44...
22:19:27  INFO      fetcher_browser    Page 44: captured
22:19:30  INFO      fetcher_browser    Clicking page 45...
22:19:30  INFO      fetcher_browser    Page 45: captured
22:19:33  INFO      fetcher_browser    Clicking page 46...
22:19:34  INFO      fetcher_browser    Page 46: captured
22:19:36  INFO      fetcher_browser    Clicking page 47...
22:19:37  INFO      fetcher_browser    Page 47: captured
22:19:40  INFO      fetcher_browser    Clicking page 48...
22:19:40  INFO      fetcher_browser    Page 48: captured
22:19:42  INFO      fetcher_browser    Clicking page 49...
22:19:43  INFO      fetcher_browser    Page 49: captured
22:19:45  INFO      fetcher_browser    Clicking page 50...
22:19:46  INFO      fetcher_browser    Page 50: captured
22:19:48  INFO      fetcher_browser    Clicking page 51...
22:19:48  INFO      fetcher_browser    Page 51: captured
22:19:51  INFO      fetcher_browser    Clicking page 52...
22:19:51  INFO      fetcher_browser    Page 52: captured
22:19:51  INFO      fetcher_browser  Fetched 52 pages total
22:19:51  INFO      parsers.listing  Season 2026 columns: ['#', 'Player', 'Team', 'GP', 'MPG', 'PPG', 'FGM', 'FGA', 'FG%', '3PM', '3PA', '3P%', 'FTM', 'FTA', 'FT%', 'ORB', 'DRB', 'RPG', 'APG', 'SPG', 'BPG', 'TOV', 'PF']
22:19:51  INFO      parsers.listing  Season 2026: parsed 100 players
22:19:51  INFO      __main__    Page 1: parsed 100 players
22:19:51  INFO      parsers.listing  Season 2026 columns: ['#', 'Player', 'Team', 'GP', 'MPG', 'PPG', 'FGM', 'FGA', 'FG%', '3PM', '3PA', '3P%', 'FTM', 'FTA', 'FT%', 'ORB', 'DRB', 'RPG', 'APG', 'SPG', 'BPG', 'TOV', 'PF']
22:19:51  INFO      parsers.listing  Season 2026: parsed 100 players
22:19:51  INFO      __main__    Page 2: parsed 100 players
22:19:51  INFO      parsers.listing  Season 2026 columns: ['#', 'Player', 'Team', 'GP', 'MPG', 'PPG', 'FGM', 'FGA', 'FG%', '3PM', '3PA', '3P%', 'FTM', 'FTA', 'FT%', 'ORB', 'DRB', 'RPG', 'APG', 'SPG', 'BPG', 'TOV', 'PF']
22:19:51  INFO      parsers.listing  Season 2026: parsed 100 players
22:19:51  INFO      __main__    Page 3: parsed 100 players
22:19:51  INFO      parsers.listing  Season 2026 columns: ['#', 'Player', 'Team', 'GP', 'MPG', 'PPG', 'FGM', 'FGA', 'FG%', '3PM', '3PA', '3P%', 'FTM', 'FTA', 'FT%', 'ORB', 'DRB', 'RPG', 'APG', 'SPG', 'BPG', 'TOV', 'PF']
22:19:51  INFO      parsers.listing  Season 2026: parsed 100 players
22:19:51  INFO      __main__    Page 4: parsed 100 players
22:19:52  INFO      parsers.listing  Season 2026 columns: ['#', 'Player', 'Team', 'GP', 'MPG', 'PPG', 'FGM', 'FGA', 'FG%', '3PM', '3PA', '3P%', 'FTM', 'FTA', 'FT%', 'ORB', 'DRB', 'RPG', 'APG', 'SPG', 'BPG', 'TOV', 'PF']
22:19:52  INFO      parsers.listing  Season 2026: parsed 100 players
22:19:52  INFO      __main__    Page 5: parsed 100 players
22:19:52  INFO      parsers.listing  Season 2026 columns: ['#', 'Player', 'Team', 'GP', 'MPG', 'PPG', 'FGM', 'FGA', 'FG%', '3PM', '3PA', '3P%', 'FTM', 'FTA', 'FT%', 'ORB', 'DRB', 'RPG', 'APG', 'SPG', 'BPG', 'TOV', 'PF']
22:19:52  INFO      parsers.listing  Season 2026: parsed 100 players
22:19:52  INFO      __main__    Page 6: parsed 100 players
22:19:52  INFO      parsers.listing  Season 2026 columns: ['#', 'Player', 'Team', 'GP', 'MPG', 'PPG', 'FGM', 'FGA', 'FG%', '3PM', '3PA', '3P%', 'FTM', 'FTA', 'FT%', 'ORB', 'DRB', 'RPG', 'APG', 'SPG', 'BPG', 'TOV', 'PF']
22:19:52  INFO      parsers.listing  Season 2026: parsed 100 players
22:19:52  INFO      __main__    Page 7: parsed 100 players
22:19:52  INFO      parsers.listing  Season 2026 columns: ['#', 'Player', 'Team', 'GP', 'MPG', 'PPG', 'FGM', 'FGA', 'FG%', '3PM', '3PA', '3P%', 'FTM', 'FTA', 'FT%', 'ORB', 'DRB', 'RPG', 'APG', 'SPG', 'BPG', 'TOV', 'PF']
22:19:52  INFO      parsers.listing  Season 2026: parsed 100 players
22:19:52  INFO      __main__    Page 8: parsed 100 players
22:19:52  INFO      parsers.listing  Season 2026 columns: ['#', 'Player', 'Team', 'GP', 'MPG', 'PPG', 'FGM', 'FGA', 'FG%', '3PM', '3PA', '3P%', 'FTM', 'FTA', 'FT%', 'ORB', 'DRB', 'RPG', 'APG', 'SPG', 'BPG', 'TOV', 'PF']
22:19:52  INFO      parsers.listing  Season 2026: parsed 100 players
22:19:52  INFO      __main__    Page 9: parsed 100 players
22:19:52  INFO      parsers.listing  Season 2026 columns: ['#', 'Player', 'Team', 'GP', 'MPG', 'PPG', 'FGM', 'FGA', 'FG%', '3PM', '3PA', '3P%', 'FTM', 'FTA', 'FT%', 'ORB', 'DRB', 'RPG', 'APG', 'SPG', 'BPG', 'TOV', 'PF']
22:19:52  INFO      parsers.listing  Season 2026: parsed 100 players
22:19:52  INFO      __main__    Page 10: parsed 100 players
22:19:52  INFO      parsers.listing  Season 2026 columns: ['#', 'Player', 'Team', 'GP', 'MPG', 'PPG', 'FGM', 'FGA', 'FG%', '3PM', '3PA', '3P%', 'FTM', 'FTA', 'FT%', 'ORB', 'DRB', 'RPG', 'APG', 'SPG', 'BPG', 'TOV', 'PF']
22:19:52  INFO      parsers.listing  Season 2026: parsed 100 players
22:19:52  INFO      __main__    Page 11: parsed 100 players
22:19:52  INFO      parsers.listing  Season 2026 columns: ['#', 'Player', 'Team', 'GP', 'MPG', 'PPG', 'FGM', 'FGA', 'FG%', '3PM', '3PA', '3P%', 'FTM', 'FTA', 'FT%', 'ORB', 'DRB', 'RPG', 'APG', 'SPG', 'BPG', 'TOV', 'PF']
22:19:52  INFO      parsers.listing  Season 2026: parsed 100 players
22:19:52  INFO      __main__    Page 12: parsed 100 players
22:19:52  INFO      parsers.listing  Season 2026 columns: ['#', 'Player', 'Team', 'GP', 'MPG', 'PPG', 'FGM', 'FGA', 'FG%', '3PM', '3PA', '3P%', 'FTM', 'FTA', 'FT%', 'ORB', 'DRB', 'RPG', 'APG', 'SPG', 'BPG', 'TOV', 'PF']
22:19:52  INFO      parsers.listing  Season 2026: parsed 100 players
22:19:52  INFO      __main__    Page 13: parsed 100 players
22:19:52  INFO      parsers.listing  Season 2026 columns: ['#', 'Player', 'Team', 'GP', 'MPG', 'PPG', 'FGM', 'FGA', 'FG%', '3PM', '3PA', '3P%', 'FTM', 'FTA', 'FT%', 'ORB', 'DRB', 'RPG', 'APG', 'SPG', 'BPG', 'TOV', 'PF']
22:19:52  INFO      parsers.listing  Season 2026: parsed 100 players
22:19:52  INFO      __main__    Page 14: parsed 100 players
22:19:52  INFO      parsers.listing  Season 2026 columns: ['#', 'Player', 'Team', 'GP', 'MPG', 'PPG', 'FGM', 'FGA', 'FG%', '3PM', '3PA', '3P%', 'FTM', 'FTA', 'FT%', 'ORB', 'DRB', 'RPG', 'APG', 'SPG', 'BPG', 'TOV', 'PF']
22:19:52  INFO      parsers.listing  Season 2026: parsed 100 players
22:19:52  INFO      __main__    Page 15: parsed 100 players
22:19:52  INFO      parsers.listing  Season 2026 columns: ['#', 'Player', 'Team', 'GP', 'MPG', 'PPG', 'FGM', 'FGA', 'FG%', '3PM', '3PA', '3P%', 'FTM', 'FTA', 'FT%', 'ORB', 'DRB', 'RPG', 'APG', 'SPG', 'BPG', 'TOV', 'PF']
22:19:52  INFO      parsers.listing  Season 2026: parsed 100 players
22:19:52  INFO      __main__    Page 16: parsed 100 players
22:19:52  INFO      parsers.listing  Season 2026 columns: ['#', 'Player', 'Team', 'GP', 'MPG', 'PPG', 'FGM', 'FGA', 'FG%', '3PM', '3PA', '3P%', 'FTM', 'FTA', 'FT%', 'ORB', 'DRB', 'RPG', 'APG', 'SPG', 'BPG', 'TOV', 'PF']
22:19:52  INFO      parsers.listing  Season 2026: parsed 100 players
22:19:52  INFO      __main__    Page 17: parsed 100 players
22:19:52  INFO      parsers.listing  Season 2026 columns: ['#', 'Player', 'Team', 'GP', 'MPG', 'PPG', 'FGM', 'FGA', 'FG%', '3PM', '3PA', '3P%', 'FTM', 'FTA', 'FT%', 'ORB', 'DRB', 'RPG', 'APG', 'SPG', 'BPG', 'TOV', 'PF']
22:19:52  INFO      parsers.listing  Season 2026: parsed 100 players
22:19:52  INFO      __main__    Page 18: parsed 100 players
22:19:52  INFO      parsers.listing  Season 2026 columns: ['#', 'Player', 'Team', 'GP', 'MPG', 'PPG', 'FGM', 'FGA', 'FG%', '3PM', '3PA', '3P%', 'FTM', 'FTA', 'FT%', 'ORB', 'DRB', 'RPG', 'APG', 'SPG', 'BPG', 'TOV', 'PF']
22:19:52  INFO      parsers.listing  Season 2026: parsed 100 players
22:19:52  INFO      __main__    Page 19: parsed 100 players
22:19:52  INFO      parsers.listing  Season 2026 columns: ['#', 'Player', 'Team', 'GP', 'MPG', 'PPG', 'FGM', 'FGA', 'FG%', '3PM', '3PA', '3P%', 'FTM', 'FTA', 'FT%', 'ORB', 'DRB', 'RPG', 'APG', 'SPG', 'BPG', 'TOV', 'PF']
22:19:52  INFO      parsers.listing  Season 2026: parsed 100 players
22:19:52  INFO      __main__    Page 20: parsed 100 players
22:19:52  INFO      parsers.listing  Season 2026 columns: ['#', 'Player', 'Team', 'GP', 'MPG', 'PPG', 'FGM', 'FGA', 'FG%', '3PM', '3PA', '3P%', 'FTM', 'FTA', 'FT%', 'ORB', 'DRB', 'RPG', 'APG', 'SPG', 'BPG', 'TOV', 'PF']
22:19:52  INFO      parsers.listing  Season 2026: parsed 100 players
22:19:52  INFO      __main__    Page 21: parsed 100 players
22:19:52  INFO      parsers.listing  Season 2026 columns: ['#', 'Player', 'Team', 'GP', 'MPG', 'PPG', 'FGM', 'FGA', 'FG%', '3PM', '3PA', '3P%', 'FTM', 'FTA', 'FT%', 'ORB', 'DRB', 'RPG', 'APG', 'SPG', 'BPG', 'TOV', 'PF']
22:19:52  INFO      parsers.listing  Season 2026: parsed 100 players
22:19:52  INFO      __main__    Page 22: parsed 100 players
22:19:52  INFO      parsers.listing  Season 2026 columns: ['#', 'Player', 'Team', 'GP', 'MPG', 'PPG', 'FGM', 'FGA', 'FG%', '3PM', '3PA', '3P%', 'FTM', 'FTA', 'FT%', 'ORB', 'DRB', 'RPG', 'APG', 'SPG', 'BPG', 'TOV', 'PF']
22:19:52  INFO      parsers.listing  Season 2026: parsed 100 players
22:19:52  INFO      __main__    Page 23: parsed 100 players
22:19:52  INFO      parsers.listing  Season 2026 columns: ['#', 'Player', 'Team', 'GP', 'MPG', 'PPG', 'FGM', 'FGA', 'FG%', '3PM', '3PA', '3P%', 'FTM', 'FTA', 'FT%', 'ORB', 'DRB', 'RPG', 'APG', 'SPG', 'BPG', 'TOV', 'PF']
22:19:52  INFO      parsers.listing  Season 2026: parsed 100 players
22:19:52  INFO      __main__    Page 24: parsed 100 players
22:19:52  INFO      parsers.listing  Season 2026 columns: ['#', 'Player', 'Team', 'GP', 'MPG', 'PPG', 'FGM', 'FGA', 'FG%', '3PM', '3PA', '3P%', 'FTM', 'FTA', 'FT%', 'ORB', 'DRB', 'RPG', 'APG', 'SPG', 'BPG', 'TOV', 'PF']
22:19:52  INFO      parsers.listing  Season 2026: parsed 100 players
22:19:52  INFO      __main__    Page 25: parsed 100 players
22:19:52  INFO      parsers.listing  Season 2026 columns: ['#', 'Player', 'Team', 'GP', 'MPG', 'PPG', 'FGM', 'FGA', 'FG%', '3PM', '3PA', '3P%', 'FTM', 'FTA', 'FT%', 'ORB', 'DRB', 'RPG', 'APG', 'SPG', 'BPG', 'TOV', 'PF']
22:19:52  INFO      parsers.listing  Season 2026: parsed 100 players
22:19:52  INFO      __main__    Page 26: parsed 100 players
22:19:52  INFO      parsers.listing  Season 2026 columns: ['#', 'Player', 'Team', 'GP', 'MPG', 'PPG', 'FGM', 'FGA', 'FG%', '3PM', '3PA', '3P%', 'FTM', 'FTA', 'FT%', 'ORB', 'DRB', 'RPG', 'APG', 'SPG', 'BPG', 'TOV', 'PF']
22:19:52  INFO      parsers.listing  Season 2026: parsed 100 players
22:19:52  INFO      __main__    Page 27: parsed 100 players
22:19:53  INFO      parsers.listing  Season 2026 columns: ['#', 'Player', 'Team', 'GP', 'MPG', 'PPG', 'FGM', 'FGA', 'FG%', '3PM', '3PA', '3P%', 'FTM', 'FTA', 'FT%', 'ORB', 'DRB', 'RPG', 'APG', 'SPG', 'BPG', 'TOV', 'PF']
22:19:53  INFO      parsers.listing  Season 2026: parsed 100 players
22:19:53  INFO      __main__    Page 28: parsed 100 players
22:19:53  INFO      parsers.listing  Season 2026 columns: ['#', 'Player', 'Team', 'GP', 'MPG', 'PPG', 'FGM', 'FGA', 'FG%', '3PM', '3PA', '3P%', 'FTM', 'FTA', 'FT%', 'ORB', 'DRB', 'RPG', 'APG', 'SPG', 'BPG', 'TOV', 'PF']
22:19:53  INFO      parsers.listing  Season 2026: parsed 100 players
22:19:53  INFO      __main__    Page 29: parsed 100 players
22:19:53  INFO      parsers.listing  Season 2026 columns: ['#', 'Player', 'Team', 'GP', 'MPG', 'PPG', 'FGM', 'FGA', 'FG%', '3PM', '3PA', '3P%', 'FTM', 'FTA', 'FT%', 'ORB', 'DRB', 'RPG', 'APG', 'SPG', 'BPG', 'TOV', 'PF']
22:19:53  INFO      parsers.listing  Season 2026: parsed 100 players
22:19:53  INFO      __main__    Page 30: parsed 100 players
22:19:53  INFO      parsers.listing  Season 2026 columns: ['#', 'Player', 'Team', 'GP', 'MPG', 'PPG', 'FGM', 'FGA', 'FG%', '3PM', '3PA', '3P%', 'FTM', 'FTA', 'FT%', 'ORB', 'DRB', 'RPG', 'APG', 'SPG', 'BPG', 'TOV', 'PF']
22:19:53  INFO      parsers.listing  Season 2026: parsed 100 players
22:19:53  INFO      __main__    Page 31: parsed 100 players
22:19:53  INFO      parsers.listing  Season 2026 columns: ['#', 'Player', 'Team', 'GP', 'MPG', 'PPG', 'FGM', 'FGA', 'FG%', '3PM', '3PA', '3P%', 'FTM', 'FTA', 'FT%', 'ORB', 'DRB', 'RPG', 'APG', 'SPG', 'BPG', 'TOV', 'PF']
22:19:53  INFO      parsers.listing  Season 2026: parsed 100 players
22:19:53  INFO      __main__    Page 32: parsed 100 players
22:19:53  INFO      parsers.listing  Season 2026 columns: ['#', 'Player', 'Team', 'GP', 'MPG', 'PPG', 'FGM', 'FGA', 'FG%', '3PM', '3PA', '3P%', 'FTM', 'FTA', 'FT%', 'ORB', 'DRB', 'RPG', 'APG', 'SPG', 'BPG', 'TOV', 'PF']
22:19:53  INFO      parsers.listing  Season 2026: parsed 100 players
22:19:53  INFO      __main__    Page 33: parsed 100 players
22:19:53  INFO      parsers.listing  Season 2026 columns: ['#', 'Player', 'Team', 'GP', 'MPG', 'PPG', 'FGM', 'FGA', 'FG%', '3PM', '3PA', '3P%', 'FTM', 'FTA', 'FT%', 'ORB', 'DRB', 'RPG', 'APG', 'SPG', 'BPG', 'TOV', 'PF']
22:19:53  INFO      parsers.listing  Season 2026: parsed 100 players
22:19:53  INFO      __main__    Page 34: parsed 100 players
22:19:53  INFO      parsers.listing  Season 2026 columns: ['#', 'Player', 'Team', 'GP', 'MPG', 'PPG', 'FGM', 'FGA', 'FG%', '3PM', '3PA', '3P%', 'FTM', 'FTA', 'FT%', 'ORB', 'DRB', 'RPG', 'APG', 'SPG', 'BPG', 'TOV', 'PF']
22:19:53  INFO      parsers.listing  Season 2026: parsed 100 players
22:19:53  INFO      __main__    Page 35: parsed 100 players
22:19:53  INFO      parsers.listing  Season 2026 columns: ['#', 'Player', 'Team', 'GP', 'MPG', 'PPG', 'FGM', 'FGA', 'FG%', '3PM', '3PA', '3P%', 'FTM', 'FTA', 'FT%', 'ORB', 'DRB', 'RPG', 'APG', 'SPG', 'BPG', 'TOV', 'PF']
22:19:53  INFO      parsers.listing  Season 2026: parsed 100 players
22:19:53  INFO      __main__    Page 36: parsed 100 players
22:19:53  INFO      parsers.listing  Season 2026 columns: ['#', 'Player', 'Team', 'GP', 'MPG', 'PPG', 'FGM', 'FGA', 'FG%', '3PM', '3PA', '3P%', 'FTM', 'FTA', 'FT%', 'ORB', 'DRB', 'RPG', 'APG', 'SPG', 'BPG', 'TOV', 'PF']
22:19:53  INFO      parsers.listing  Season 2026: parsed 100 players
22:19:53  INFO      __main__    Page 37: parsed 100 players
22:19:53  INFO      parsers.listing  Season 2026 columns: ['#', 'Player', 'Team', 'GP', 'MPG', 'PPG', 'FGM', 'FGA', 'FG%', '3PM', '3PA', '3P%', 'FTM', 'FTA', 'FT%', 'ORB', 'DRB', 'RPG', 'APG', 'SPG', 'BPG', 'TOV', 'PF']
22:19:53  INFO      parsers.listing  Season 2026: parsed 100 players
22:19:53  INFO      __main__    Page 38: parsed 100 players
22:19:53  INFO      parsers.listing  Season 2026 columns: ['#', 'Player', 'Team', 'GP', 'MPG', 'PPG', 'FGM', 'FGA', 'FG%', '3PM', '3PA', '3P%', 'FTM', 'FTA', 'FT%', 'ORB', 'DRB', 'RPG', 'APG', 'SPG', 'BPG', 'TOV', 'PF']
22:19:53  INFO      parsers.listing  Season 2026: parsed 100 players
22:19:53  INFO      __main__    Page 39: parsed 100 players
22:19:53  INFO      parsers.listing  Season 2026 columns: ['#', 'Player', 'Team', 'GP', 'MPG', 'PPG', 'FGM', 'FGA', 'FG%', '3PM', '3PA', '3P%', 'FTM', 'FTA', 'FT%', 'ORB', 'DRB', 'RPG', 'APG', 'SPG', 'BPG', 'TOV', 'PF']
22:19:53  INFO      parsers.listing  Season 2026: parsed 100 players
22:19:53  INFO      __main__    Page 40: parsed 100 players
22:19:53  INFO      parsers.listing  Season 2026 columns: ['#', 'Player', 'Team', 'GP', 'MPG', 'PPG', 'FGM', 'FGA', 'FG%', '3PM', '3PA', '3P%', 'FTM', 'FTA', 'FT%', 'ORB', 'DRB', 'RPG', 'APG', 'SPG', 'BPG', 'TOV', 'PF']
22:19:53  INFO      parsers.listing  Season 2026: parsed 100 players
22:19:53  INFO      __main__    Page 41: parsed 100 players
22:19:53  INFO      parsers.listing  Season 2026 columns: ['#', 'Player', 'Team', 'GP', 'MPG', 'PPG', 'FGM', 'FGA', 'FG%', '3PM', '3PA', '3P%', 'FTM', 'FTA', 'FT%', 'ORB', 'DRB', 'RPG', 'APG', 'SPG', 'BPG', 'TOV', 'PF']
22:19:53  INFO      parsers.listing  Season 2026: parsed 100 players
22:19:53  INFO      __main__    Page 42: parsed 100 players
22:19:53  INFO      parsers.listing  Season 2026 columns: ['#', 'Player', 'Team', 'GP', 'MPG', 'PPG', 'FGM', 'FGA', 'FG%', '3PM', '3PA', '3P%', 'FTM', 'FTA', 'FT%', 'ORB', 'DRB', 'RPG', 'APG', 'SPG', 'BPG', 'TOV', 'PF']
22:19:53  INFO      parsers.listing  Season 2026: parsed 100 players
22:19:53  INFO      __main__    Page 43: parsed 100 players
22:19:53  INFO      parsers.listing  Season 2026 columns: ['#', 'Player', 'Team', 'GP', 'MPG', 'PPG', 'FGM', 'FGA', 'FG%', '3PM', '3PA', '3P%', 'FTM', 'FTA', 'FT%', 'ORB', 'DRB', 'RPG', 'APG', 'SPG', 'BPG', 'TOV', 'PF']
22:19:53  INFO      parsers.listing  Season 2026: parsed 100 players
22:19:53  INFO      __main__    Page 44: parsed 100 players
22:19:53  INFO      parsers.listing  Season 2026 columns: ['#', 'Player', 'Team', 'GP', 'MPG', 'PPG', 'FGM', 'FGA', 'FG%', '3PM', '3PA', '3P%', 'FTM', 'FTA', 'FT%', 'ORB', 'DRB', 'RPG', 'APG', 'SPG', 'BPG', 'TOV', 'PF']
22:19:53  INFO      parsers.listing  Season 2026: parsed 100 players
22:19:53  INFO      __main__    Page 45: parsed 100 players
22:19:53  INFO      parsers.listing  Season 2026 columns: ['#', 'Player', 'Team', 'GP', 'MPG', 'PPG', 'FGM', 'FGA', 'FG%', '3PM', '3PA', '3P%', 'FTM', 'FTA', 'FT%', 'ORB', 'DRB', 'RPG', 'APG', 'SPG', 'BPG', 'TOV', 'PF']
22:19:53  INFO      parsers.listing  Season 2026: parsed 100 players
22:19:53  INFO      __main__    Page 46: parsed 100 players
22:19:53  INFO      parsers.listing  Season 2026 columns: ['#', 'Player', 'Team', 'GP', 'MPG', 'PPG', 'FGM', 'FGA', 'FG%', '3PM', '3PA', '3P%', 'FTM', 'FTA', 'FT%', 'ORB', 'DRB', 'RPG', 'APG', 'SPG', 'BPG', 'TOV', 'PF']
22:19:53  INFO      parsers.listing  Season 2026: parsed 100 players
22:19:53  INFO      __main__    Page 47: parsed 100 players
22:19:53  INFO      parsers.listing  Season 2026 columns: ['#', 'Player', 'Team', 'GP', 'MPG', 'PPG', 'FGM', 'FGA', 'FG%', '3PM', '3PA', '3P%', 'FTM', 'FTA', 'FT%', 'ORB', 'DRB', 'RPG', 'APG', 'SPG', 'BPG', 'TOV', 'PF']
22:19:53  INFO      parsers.listing  Season 2026: parsed 100 players
22:19:53  INFO      __main__    Page 48: parsed 100 players
22:19:53  INFO      parsers.listing  Season 2026 columns: ['#', 'Player', 'Team', 'GP', 'MPG', 'PPG', 'FGM', 'FGA', 'FG%', '3PM', '3PA', '3P%', 'FTM', 'FTA', 'FT%', 'ORB', 'DRB', 'RPG', 'APG', 'SPG', 'BPG', 'TOV', 'PF']
22:19:53  INFO      parsers.listing  Season 2026: parsed 100 players
22:19:53  INFO      __main__    Page 49: parsed 100 players
22:19:53  INFO      parsers.listing  Season 2026 columns: ['#', 'Player', 'Team', 'GP', 'MPG', 'PPG', 'FGM', 'FGA', 'FG%', '3PM', '3PA', '3P%', 'FTM', 'FTA', 'FT%', 'ORB', 'DRB', 'RPG', 'APG', 'SPG', 'BPG', 'TOV', 'PF']
22:19:53  INFO      parsers.listing  Season 2026: parsed 100 players
22:19:53  INFO      __main__    Page 50: parsed 100 players
22:19:53  INFO      parsers.listing  Season 2026 columns: ['#', 'Player', 'Team', 'GP', 'MPG', 'PPG', 'FGM', 'FGA', 'FG%', '3PM', '3PA', '3P%', 'FTM', 'FTA', 'FT%', 'ORB', 'DRB', 'RPG', 'APG', 'SPG', 'BPG', 'TOV', 'PF']
22:19:53  INFO      parsers.listing  Season 2026: parsed 100 players
22:19:53  INFO      __main__    Page 51: parsed 100 players
22:19:53  INFO      parsers.listing  Season 2026 columns: ['#', 'Player', 'Team', 'GP', 'MPG', 'PPG', 'FGM', 'FGA', 'FG%', '3PM', '3PA', '3P%', 'FTM', 'FTA', 'FT%', 'ORB', 'DRB', 'RPG', 'APG', 'SPG', 'BPG', 'TOV', 'PF']
22:19:53  INFO      parsers.listing  Season 2026: parsed 18 players
22:19:53  INFO      __main__    Page 52: parsed 18 players
22:19:53  INFO      __main__  Season 2026: 5118 players (total unique so far: 7315)
22:19:53  INFO      __main__  Seed complete. 7315 unique player IDs found.
22:19:53  INFO      checkpoint  Checkpoint seeded with 7315 player records
22:19:54  INFO      fetcher_browser  Browser closed
